     1                          PRG0406	START
     2  0000: 1010 0016         	LD	GR1,X
     3  0002: 1421              	LD	GR2,GR1
     4  0003: 1431              	LD	GR3,GR1
     5  0004: 1441              	LD	GR4,GR1
     6  0005: 3110 001B         	OR	GR1,=#0F00
     7  0007: 3020 001C         	AND	GR2,=#F0FF
     8  0009: 3230 001B         	XOR	GR3,=#0F00
     9  000B: 3040 001B         	AND	GR4,=#0F00
    10  000D: 1110 0017         	ST	GR1,S
    11  000F: 1120 0018         	ST	GR2,T
    12  0011: 1130 0019         	ST	GR3,U
    13  0013: 1140 001A         	ST	GR4,V
    14  0015: 8100              	RET
    15  0016: 89AB              X	DC	#89AB
    16  0017: 0003              S	DS	1	
    17  0018: 8100              T	DS	1
    18  0019: 0045              U	DS	1
    19  001A: 0000              V	DS	1
        001B: 0F00              =#0F00	DC	#0F00
        001C: F0FF              =#F0FF	DC	#F0FF
    20                          	END

      0 Errors
