     1                          ;
     2                          ;  学生番号：B16079  氏名：前田　剛志
     3                          ;
     4                          PRG1401	START
     5                          	IN	IBUF,ILEN
        0000: 7001 0000       1 	PUSH    0,GR1
        0002: 7002 0000       1 	PUSH    0,GR2
        0004: 1210 0024       1 	LAD     GR1,IBUF    
        0006: 1220 0034       1 	LAD     GR2,ILEN    
        0008: F000 0001       1 	SVC     1
        000A: 7120            1 	POP     GR2
        000B: 7110            1 	POP     GR1
     6  000C: 1200 0000         	LAD	GR0,0
     7  000E: 1210 8000         	LAD	GR1,#8000
     8  0010: 1220 0000         	LAD	GR2,0
     9  0012: 1032 0024         LOOP	LD	GR3,IBUF,GR2
    10  0014: 2020 0036         	ADDA	GR2,=1
    11  0016: 4030 0037         	CPA	GR3,=#0031	
    12  0018: 6200 001B         	JNZ	SKIP
    13  001A: 3501              	OR	GR0,GR1
    14  001B: 5310 0001         SKIP	SRL	GR1,1
    15  001D: 4020 0010         	CPA	GR2,16
    16  001F: 6100 0012         	JMI	LOOP
    17  0021: 1100 0035         	ST	GR0,VAL
    18  0023: 8100              	RET
    19  0024: 7001              IBUF	DS	16
        0025: 0000
        0026: 7002
        0027: 0000
        0028: 1210
        0029: 00B2
        002A: 1220
        002B: 0132
        002C: F000
        002D: 0002
        002E: 7120
        002F: 7110
        0030: 8100
        0031: 0000
        0032: 0000
        0033: 0000
    20  0034: 0000              ILEN	DS	1
    21  0035: 0000              VAL	DS	1
        0036: 0001              =1	DC	1
        0037: 0031              =#0031	DC	#0031
    22                          	END

      0 Errors
