     1                          ;
     2                          ;  学生番号：B16079  氏名：前田　剛志
     3                          ;
     4                          PRG1401	START
     5  0000: 1000 003A         	LD	GR0,VAL
     6  0002: 1220 0005         	LAD	GR2,5
     7  0004: 8000 001F         LOOP	CALL	N2C
     8  0006: 1112 0025         	ST	GR1,OBUF,GR2
     9  0008: 5300 0003         	SRL	GR0,3
    10  000A: 2020 003B         	ADDA	GR2,=-1
    11  000C: 4020 0000         	CPA	GR2,0
    12  000E: 6500 0004         	JPL	LOOP
    13  0010: 6300 0004         	JZE	LOOP
    14                          	OUT	OBUF,OLEN
        0012: 7001 0000       1 	PUSH    0,GR1
        0014: 7002 0000       1 	PUSH    0,GR2
        0016: 1210 0025       1 	LAD     GR1,OBUF    
        0018: 1220 0039       1 	LAD     GR2,OLEN    
        001A: F000 0002       1 	SVC     2
        001C: 7120            1 	POP     GR2
        001D: 7110            1 	POP     GR1
    15  001E: 8100              	RET
    16  001F: 1410              N2C	LD	GR1,GR0
    17  0020: 3010 003C         	AND	GR1,=#0007
    18  0022: 2210 003D         	ADDL	GR1,='0'
    19  0024: 8100              	RET
    20  0025: 8100              OBUF	DS	20
        0026: 1121
        0027: 0048
        0028: 2030
        0029: 005F
        002A: 2010
        002B: 005D
        002C: 6400
        002D: 0020
        002E: 1110
        002F: 005C
        0030: 7001
        0031: 0000
        0032: 7002
        0033: 0000
        0034: 1210
        0035: 0048
        0036: 0001
        0037: 0031
        0038: F000
    21  0039: 0006              OLEN	DC	6
    22  003A: 4BEA              VAL	DC	#4BEA
        003B: FFFF              =-1	DC	-1
        003C: 0007              =#0007	DC	#0007
        003D: 0030              ='0'	DC	'0'
    23                          	END

      0 Errors
