     1                          PRG0607 START
     2  0000: 1210 0000         	LAD	GR1,0
     3  0002: 1220 0000         	LAD	GR2,0
     4  0004: 1230 0000         	LAD	GR3,0
     5  0006: 1012 0019         LOOP	LD	GR1,X,GR2
     6  0008: 3010 0023         	AND	GR1,=#0001
     7  000A: 4010 0024         	CPA	GR1,=0
     8  000C: 6200 0010         	JNZ	PASS
     9  000E: 2030 0025         	ADDA	GR3,=1
    10  0010: 2020 0025         PASS	ADDA	GR2,=1
    11  0012: 4020 0026         	CPA	GR2,=8
    12  0014: 6100 0006         	JMI	LOOP
    13  0016: 1130 0021         	ST	GR3,Y
    14  0018: 8100              	RET
    15  0019: 0001              X	DC	1,1,1,4,2,6,2,8
        001A: 0001              
        001B: 0001              
        001C: 0004              
        001D: 0002              
        001E: 0006              
        001F: 0002              
        0020: 0008              
    16  0021: 0001              Y	DS	2
        0022: 0030
        0023: 0001              =#0001	DC	#0001
        0024: 0000              =0	DC	0
        0025: 0001              =1	DC	1
        0026: 0008              =8	DC	8
    17                          	END

      0 Errors
