     1                          PRG0606 START
     2  0000: 1200 0000         	LAD	GR0,0
     3  0002: 1210 0000         	LAD	GR1,0
     4  0004: 2001 000F         LOOP	ADDA	GR0,X,GR1
     5  0006: 2010 0016         	ADDA	GR1,=1
     6  0008: 4010 0017         	CPA	GR1,=5
     7  000A: 6100 0004         	JMI	LOOP
     8  000C: 1100 0014         	ST	GR0,Y
     9  000E: 8100              	RET
    10  000F: 0001              X	DC	1,2,3,4,5
        0010: 0002              
        0011: 0003              
        0012: 0004              
        0013: 0005              
    11  0014: 000A              Y	DS	2
        0015: 000A
        0016: 0001              =1	DC	1
        0017: 0005              =5	DC	5
    12                          	END

      0 Errors
