     1                          ;
     2                          ;  学生番号：B16079  氏名：前田　剛志
     3                          ;
     4                          PRG0902	START
     5  0000: 1010 001F         	LD	GR1,DATA
     6  0002: 1020 001F         	LD	GR2,DATA
     7  0004: 1030 001F         	LD	GR3,DATA
     8  0006: 1040 001F         	LD	GR4,DATA
     9  0008: 1250 0000         	LAD	GR5,0
    10  000A: 5110 000C         	SRA	GR1,12
    11  000C: 5220 0004         	SLL	GR2,4
    12  000E: 5120 000C         	SRA	GR2,12
    13  0010: 5230 0008         	SLL	GR3,8
    14  0012: 5130 000C         	SRA	GR3,12
    15  0014: 5240 000C         	SLL	GR4,12
    16  0016: 5140 000C         	SRA	GR4,12
    17  0018: 2451              	ADDA	GR5,GR1
    18  0019: 2452              	ADDA	GR5,GR2
    19  001A: 2453              	ADDA	GR5,GR3
    20  001B: 2454              	ADDA	GR5,GR4
    21  001C: 1150 0020         	ST	GR5,WA
    22  001E: 8100              	RET
    23  001F: 3456              DATA	DC	#3456
    24  0020: 0000              WA	DS	1
    25                          	END

      0 Errors
