     1                          ;
     2                          ;  学生番号：B16079  氏名：前田　剛志
     3                          ;
     4                          PRG0903	START
     5  0000: 1200 0000         	LAD	GR0,0
     6  0002: 1010 001C         	LD	GR1,X
     7  0004: 1020 001D         	LD	GR2,Y
     8  0006: 1230 0000         	LAD	GR3,0
     9  0008: 4020 001F         LOOP	CPA	GR2,=0
    10  000A: 6300 0019         	JZE	FIN
    11  000C: 5320 0001         	SRL	GR2,1
    12  000E: 6600 0014         	JOV	OF1
    13  0010: 5210 0001         	SLL	GR1,1
    14  0012: 6400 0008         	JUMP	LOOP
    15  0014: 2401              OF1	ADDA	GR0,GR1
    16  0015: 5210 0001         	SLL	GR1,1
    17  0017: 6400 0008         	JUMP	LOOP
    18  0019: 1100 001E         FIN	ST	GR0,Z
    19  001B: 8100              	RET
    20  001C: 000D              X	DC	13
    21  001D: 0025              Y	DC	37
    22  001E: 0000              Z	DS	1
        001F: 0000              =0	DC	0
    23                          	END

      0 Errors
