     1                          ;
     2                          ;  学生番号：B16079  氏名：前田　剛志
     3                          ;
     4                          PRG0901	START
     5  0000: 1010 0024         	LD	GR1,X
     6  0002: 1020 0025         	LD	GR2,Y
     7  0004: 1030 0026         	LD	GR3,Z
     8  0006: 2412              	ADDA	GR1,GR2
     9  0007: 2513              	SUBA	GR1,GR3
    10  0008: 1110 0027         	ST	GR1,W1
    11  000A: 1010 0024         	LD	GR1,X
    12  000C: 1020 0025         	LD	GR2,Y
    13  000E: 1030 0026         	LD	GR3,Z
    14  0010: 1240 0000         	LAD	GR4,0
    15  0012: 1250 0000         	LAD	GR5,0
    16  0014: 2451              LOOP	ADDA	GR5,GR1
    17  0015: 2040 0029         	ADDA	GR4,=1
    18  0017: 4040 002A         	CPA	GR4,=5
    19  0019: 6100 0014         	JMI	LOOP
    20  001B: 5130 0003         	SRA	GR3,3
    21  001D: 2050 002B         	ADDA	GR5,=100
    22  001F: 2552              	SUBA	GR5,GR2
    23  0020: 2553              	SUBA	GR5,GR3
    24  0021: 1150 0028         	ST	GR5,W2
    25  0023: 8100              	RET
    26  0024: FFED              X	DC	-19
    27  0025: 001B              Y	DC	27
    28  0026: FFB8              Z	DC	-72
    29  0027: 0001              W1	DS	1
    30  0028: 0005              W2	DS	1
        0029: 0001              =1	DC	1
        002A: 0005              =5	DC	5
        002B: 0064              =100	DC	100
    31                          	END

      0 Errors
