EXC 1f2402 ▲ (1)引数[12 -23 34]の標準出力は[1]個以上((0))のパターン[合計(|[^0-9]+)23([^0-9]| $)]を含む必要があります。
EXC 2f2402 ▲ (2)引数[12 34 -23]の標準出力は[1]個以上((0))のパターン[合計(|[^0-9]+)23([^0-9]| $)]を含む必要があります。
EXC 332402 ▲ (3)引数[-12 23 -34 -45 50]の標準出力は[1]個以上((0))のパターン[push[^0-9]+-12[^0-9]+STACK [ -12 ]]を含む必要があります。
EXC 352402 ▲ (3)引数[-12 23 -34 -45 50]の標準出力は[1]個以上((0))のパターン[push[^0-9]+23[^0-9]+STACK [ -12 23 ]]を含む必要があります。
EXC 382402 ▲ (3)引数[-12 23 -34 -45 50]の標準出力は[1]個以上((0))のパターン[pop[^0-9]+23[^0-9]+ [ -12 ]]を含む必要があります。
EXC 3a2402 ▲ (3)引数[-12 23 -34 -45 50]の標準出力は[1]個以上((0))のパターン[push[^0-9]+-11[^0-9]+STACK [ -12 -11 ]]を含む必要があります。
EXC 3c2402 ▲ (3)引数[-12 23 -34 -45 50]の標準出力は[1]個以上((0))のパターン[pop[^0-9]+-11[^0-9]+ [ -12 ]]を含む必要があります。
EXC 3e2402 ▲ (3)引数[-12 23 -34 -45 50]の標準出力は[1]個以上((0))のパターン[push[^0-9]+-56[^0-9]+STACK [ -12 -56 ]]を含む必要があります。
EXC 3g2402 ▲ (3)引数[-12 23 -34 -45 50]の標準出力は[1]個以上((0))のパターン[push[^0-9]+50[^0-9]+STACK [ -12 -56 50 ]]を含む必要があります。
EXC 3i2402 ▲ (3)引数[-12 23 -34 -45 50]の標準出力は[1]個以上((0))のパターン[pop[^0-9]+50[^0-9]+ [ -12 -56 ]]を含む必要があります。
EXC 3k2402 ▲ (3)引数[-12 23 -34 -45 50]の標準出力は[1]個以上((0))のパターン[pop[^0-9]+-56[^0-9]+ [ -12 ]]を含む必要があります。
EXC 3l2402 ▲ (3)引数[-12 23 -34 -45 50]の標準出力は[1]個以上((0))のパターン[pop[^0-9]+-12[^0-9]+]を含む必要があります。
EXC 3m2402 ▲ (3)引数[-12 23 -34 -45 50]の標準出力は[1]個以上((0))のパターン[pop[^0-9]+-12[^0-9]+ [ ]]を含む必要があります。
EXC 3n2402 ▲ (3)引数[-12 23 -34 -45 50]の標準出力は[1]個以上((0))のパターン[合計(|[^0-9]+)-18([^0-9]| $)]を含む必要があります。
EXC 472402 ▲ (4)引数[12]の標準出力は[1]個以上((0))のパターン[合計(|[^0-9]+)12([^0-9]| $)]を含む必要があります。
EXC 532402 ▲ (5)引数[-23]の標準出力は[1]個以上((0))のパターン[push[^0-9]+-23[^0-9]+STACK [ -23 ]]を含む必要があります。
EXC 552402 ▲ (5)引数[-23]の標準出力は[1]個以上((0))のパターン[pop[^0-9]+-23[^0-9]+]を含む必要があります。
EXC 562402 ▲ (5)引数[-23]の標準出力は[1]個以上((0))のパターン[pop[^0-9]+-23[^0-9]+[ ]]を含む必要があります。
EXC 572402 ▲ (5)引数[-23]の標準出力は[1]個以上((0))のパターン[合計(|[^0-9]+)-23([^0-9]| $)]を含む必要があります。
EXC 6w2402 ▲ (6)引数[12 23 34 -45 56 -78 89]の標準出力は[1]個以上((0))のパターン[合計(|[^0-9]+)91 ([^0-9]+|$)]を含む必要があります。
EXC 732402 □ (7)エラーケースの引数[なし]の標準出力は[1]個以上((0))のパターン[合計(|[^0-9]+)0([^0-9]+| $)]を含む必要があります。
