     1                          PRG0705	START
     2  0000: 1010 0017         	LD	GR1,X
     3  0002: 1020 0018         	LD	GR2,Y
     4  0004: 8000 0009         	CALL	SUM
     5  0006: 1130 0019         	ST	GR3,Z
     6  0008: 8100              	RET
     7  0009: 7001 0000         SUM	PUSH	0,GR1
     8  000B: 1230 0000         	LAD	GR3,0
     9  000D: 4412              LOOP	CPA	GR1,GR2
    10  000E: 6500 0015         	JPL	FIN
    11  0010: 2431              	ADDA	GR3,GR1
    12  0011: 2010 001D         	ADDA	GR1,=1
    13  0013: 6400 000D         	JUMP	LOOP
    14  0015: 7110              FIN	POP	GR1
    15  0016: 8100              	RET
    16  0017: 000A              X	DC	10
    17  0018: 0014              Y	DC	20
    18  0019: 8100              Z	DS	4
        001A: 000A
        001B: 0014
        001C: 0049
        001D: 0001              =1	DC	1
    19                          	END	

      0 Errors
