     1                          PRG0703	START
     2  0000: 1200 0005         	LAD	GR0,5
     3  0002: 8000 0009         LOOP	CALL	OIT
     4  0004: 2200 0034         	ADDL	GR0,=-1
     5  0006: 6500 0002         	JPL	LOOP
     6  0008: 8100              	RET
     7                          OIT	OUT	BUF,LEN
        0009: 7001 0000       1 OIT	PUSH    0,GR1
        000B: 7002 0000       1    	PUSH    0,GR2
        000D: 1210 0016       1    	LAD     GR1,BUF     
        000F: 1220 0033       1    	LAD     GR2,LEN     
        0011: F000 0002       1    	SVC     2
        0013: 7120            1    	POP     GR2
        0014: 7110            1    	POP     GR1
     8  0015: 8100              	RET
     9  0016: 004F              BUF	DC	'OSAKA INSTITUTE OF TECHNOLOGY'
        0017: 0053
        0018: 0041
        0019: 004B
        001A: 0041
        001B: 0020
        001C: 0049
        001D: 004E
        001E: 0053
        001F: 0054
        0020: 0049
        0021: 0054
        0022: 0055
        0023: 0054
        0024: 0045
        0025: 0020
        0026: 004F
        0027: 0046
        0028: 0020
        0029: 0054
        002A: 0045
        002B: 0043
        002C: 0048
        002D: 004E
        002E: 004F
        002F: 004C
        0030: 004F
        0031: 0047
        0032: 0059
    10  0033: 001E              LEN	DC	30
        0034: FFFF              =-1	DC	-1
    11                          	END

      0 Errors
