     1                          PRG0704	START
     2  0000: 1210 000A         	LAD	GR1,10
     3  0002: 1020 0020         	LD	GR2,X
     4  0004: 8000 000D         	CALL	MULT
     5  0006: 1020 0021         	LD	GR2,Y
     6  0008: 8000 000D         	CALL	MULT
     7  000A: 1110 0022         	ST	GR1,Z
     8  000C: 8100              	RET
     9  000D: 7002 0000         MULT	PUSH	0,GR2
    10  000F: 7003 0000         	PUSH	0,GR3
    11  0011: 1431              	LD	GR3,GR1
    12  0012: 1210 0000         	LAD	GR1,0
    13  0014: 4020 0026         LOOP	CPA	GR2,=0
    14  0016: 6300 001D         	JZE	FIN
    15  0018: 2413              	ADDA	GR1,GR3
    16  0019: 1222 FFFF         	LAD	GR2,-1,GR2
    17  001B: 6400 0014         	JUMP	LOOP
    18  001D: 7130              FIN	POP	GR3
    19  001E: 7120              	POP	GR2
    20  001F: 8100              	RET
    21  0020: 0018              X	DC	24
    22  0021: 0008              Y	DC	8
    23  0022: 0000              Z	DS	4
        0023: 0000
        0024: 0000
        0025: 0000
        0026: 0000              =0	DC	0
    24                          	END

      0 Errors
