     1                          PRG0302 START
     2  0000: 1210 000A         	LAD	GR1,10
     3  0002: 1220 000A         	LAD	GR2,10
     4  0004: 1230 FFF6         	LAD	GR3,-10
     5  0006: 1240 FFF6         	LAD	GR4,65526
     6  0008: 2413              	ADDA	GR1,GR3
     7  0009: 2624              	ADDL	GR2,GR4
     8  000A: 1210 0001         	LAD	GR1,1
     9  000C: 1220 0001         	LAD	GR2,1
    10  000E: 2010 001B         	ADDA	GR1,=32767
    11  0010: 2220 001B         	ADDL	GR2,=32767
    12  0012: 1010 001C         	LD	GR1,=100
    13  0014: 1020 001C         	LD	GR2,=100
    14  0016: 2110 001D         	SUBA	GR1,=103
    15  0018: 2320 001D         	SUBL	GR2,=103
    16  001A: 8100              	RET
        001B: 7FFF              =32767	DC	32767
        001C: 0064              =100	DC	100
        001D: 0067              =103	DC	103
    17                          	END

      0 Errors
