     1                          PRG0502	START
     2  0000: 1210 000A         	LAD	GR1,10
     3  0002: 1220 000B         	LAD	GR2,11
     4  0004: 4110 0018         	CPL	GR1,=10
     5  0006: 4110 0019         	CPL	GR1,=9
     6  0008: 4512              	CPL	GR1,GR2
     7  0009: 1210 FFF6         	LAD	GR1,-10
     8  000B: 4010 001A         	CPA	GR1,=-10
     9  000D: 4010 001B         	CPA	GR1,=-9
    10  000F: 4010 001C         	CPA	GR1,=-11
    11  0011: 1210 000A         	LAD	GR1,10
    12  0013: 4110 001D         	CPL	GR1,=#FF00
    13  0015: 4010 001D         	CPA	GR1,=#FF00
    14  0017: 8100              	RET
        0018: 000A              =10	DC	10
        0019: 0009              =9	DC	9
        001A: FFF6              =-10	DC	-10
        001B: FFF7              =-9	DC	-9
        001C: FFF5              =-11	DC	-11
        001D: FF00              =#FF00	DC	#FF00
    15                          	END

      0 Errors
