     1                          ;
     2                          ;  学生番号：B16079  氏名：前田　剛志
     3                          ;
     4                          PRG1001	START
     5  0000: 1210 0000         	LAD	GR1,0
     6  0002: 1220 0000         	LAD	GR2,0
     7  0004: 1031 001F         LOOP	LD	GR3,TBLS,GR1
     8  0006: 1041 0023         	LD	GR4,TBLT,GR1
     9  0008: 1132 0017         	ST	GR3,TBLST,GR2
    10  000A: 1222 0001         	LAD	GR2,1,GR2
    11  000C: 1142 0017         	ST	GR4,TBLST,GR2
    12  000E: 1222 0001         	LAD	GR2,1,GR2
    13  0010: 1211 0001         	LAD	GR1,1,GR1
    14  0012: 4010 0027         	CPA	GR1,=4
    15  0014: 6100 0004         	JMI	LOOP
    16  0016: 8100              	RET
    17  0017: 1100              TBLST	DS	8
        0018: 001C
        0019: 8100
        001A: 000D
        001B: 0025
        001C: 1150
        001D: 0000
        001E: 8100
    18  001F: 0096              TBLS	DC	150,160,170,180
        0020: 00A0              
        0021: 00AA              
        0022: 00B4              
    19  0023: 0032              TBLT	DC	50,60,70,80
        0024: 003C              
        0025: 0046              
        0026: 0050              
        0027: 0004              =4	DC	4
    20                          	END

      0 Errors
