     1                          ;
     2                          ;  学生番号：B16079  氏名：前田　剛志
     3                          ;
     4                          PRG1301	START
     5                          	IN	IBUF,ILEN	
        0000: 7001 0000       1 	PUSH    0,GR1
        0002: 7002 0000       1 	PUSH    0,GR2
        0004: 1210 003D       1 	LAD     GR1,IBUF    
        0006: 1220 0047       1 	LAD     GR2,ILEN    
        0008: F000 0001       1 	SVC     1
        000A: 7120            1 	POP     GR2
        000B: 7110            1 	POP     GR1
     6  000C: 1230 0000         	LAD	GR3,0
     7  000E: 1210 0000         	LAD	GR1,0
     8  0010: 4030 0047         LOOP1	CPA	GR3,ILEN
     9  0012: 6300 001E         	JZE	EXIT1
    10  0014: 1023 003D         	LD	GR2,IBUF,GR3
    11  0016: 1121 0048         	ST	GR2,OBUF,GR1
    12  0018: 2030 005D         	ADDA	GR3,=1
    13  001A: 2010 005D         	ADDA	GR1,=1
    14  001C: 6400 0010         	JUMP	LOOP1
    15  001E: 2130 005D         EXIT1	SUBA	GR3,=1
    16  0020: 4030 005E         LOOP2	CPA	GR3,=0
    17  0022: 6100 002E         	JMI	EXIT2
    18  0024: 1023 003D         	LD	GR2,IBUF,GR3
    19  0026: 1121 0048         	ST	GR2,OBUF,GR1
    20  0028: 2030 005F         	ADDA	GR3,=-1
    21  002A: 2010 005D         	ADDA	GR1,=1
    22  002C: 6400 0020         	JUMP	LOOP2
    23  002E: 1110 005C         EXIT2	ST	GR1,OLEN
    24                          	OUT	OBUF,OLEN
        0030: 7001 0000       1 	PUSH    0,GR1
        0032: 7002 0000       1 	PUSH    0,GR2
        0034: 1210 0048       1 	LAD     GR1,OBUF    
        0036: 1220 005C       1 	LAD     GR2,OLEN    
        0038: F000 0002       1 	SVC     2
        003A: 7120            1 	POP     GR2
        003B: 7110            1 	POP     GR1
    25  003C: 8100              	RET
    26  003D: 0000              IBUF	DS	10
        003E: 0000
        003F: 0000
        0040: 0000
        0041: 0000
        0042: 0000
        0043: 0000
        0044: 0000
        0045: 0000
        0046: 0000
    27  0047: 0000              ILEN	DS	1
    28  0048: 0000              OBUF	DS	20
        0049: 0000
        004A: 0000
        004B: 0000
        004C: 0000
        004D: 0000
        004E: 0000
        004F: 0000
        0050: 0000
        0051: 0000
        0052: 0000
        0053: 0000
        0054: 0000
        0055: 0000
        0056: 0000
        0057: 0000
        0058: 0000
        0059: 0000
        005A: 0000
        005B: 0000
    29  005C: 0000              OLEN	DS	1
        005D: 0001              =1	DC	1
        005E: 0000              =0	DC	0
        005F: FFFF              =-1	DC	-1
    30                          	END

      0 Errors
