     1                          ;
     2                          ;  学生番号：B16079  氏名：前田　剛志
     3                          ;
     4                          PRG1302	START
     5                          	IN	IBUF,ILEN	
        0000: 7001 0000       1 	PUSH    0,GR1
        0002: 7002 0000       1 	PUSH    0,GR2
        0004: 1210 003A       1 	LAD     GR1,IBUF    
        0006: 1220 006C       1 	LAD     GR2,ILEN    
        0008: F000 0001       1 	SVC     1
        000A: 7120            1 	POP     GR2
        000B: 7110            1 	POP     GR1
     6  000C: 1210 0000         	LAD	GR1,0
     7  000E: 1220 0000         	LAD	GR2,0
     8  0010: 1040 0078         	LD	GR4,KUU
     9  0012: 4010 006C         LOOP1	CPA	GR1,ILEN
    10  0014: 6300 002B         	JZE	EXIT
    11  0016: 1031 003A         	LD	GR3,IBUF,GR1
    12  0018: 1132 006D         	ST	GR3,OBUF,GR2
    13  001A: 2010 0079         	ADDA	GR1,=1
    14  001C: 2020 0079         	ADDA	GR2,=1
    15  001E: 4010 006C         LOOP2	CPA	GR1,ILEN
    16  0020: 6300 002B         	JZE	EXIT
    17  0022: 1031 003A         	LD	GR3,IBUF,GR1
    18  0024: 2010 0079         	ADDA	GR1,=1
    19  0026: 4434              	CPA	GR3,GR4
    20  0027: 6300 0012         	JZE	LOOP1
    21  0029: 6400 001E         	JUMP	LOOP2
    22  002B: 1120 0077         EXIT	ST	GR2,OLEN
    23                          	OUT	OBUF,OLEN
        002D: 7001 0000       1 	PUSH    0,GR1
        002F: 7002 0000       1 	PUSH    0,GR2
        0031: 1210 006D       1 	LAD     GR1,OBUF    
        0033: 1220 0077       1 	LAD     GR2,OLEN    
        0035: F000 0002       1 	SVC     2
        0037: 7120            1 	POP     GR2
        0038: 7110            1 	POP     GR1
    24  0039: 8100              	RET
    25  003A: 8100              IBUF	DS	50
        003B: 7110
        003C: 8100
        003D: 0000
        003E: 0000
        003F: 0000
        0040: 0000
        0041: 0000
        0042: 0000
        0043: 0000
        0044: 0000
        0045: 0000
        0046: 0000
        0047: 0000
        0048: 0000
        0049: 0000
        004A: 0000
        004B: 0000
        004C: 0000
        004D: 0000
        004E: 0000
        004F: 0000
        0050: 0000
        0051: 0000
        0052: 0000
        0053: 0000
        0054: 0000
        0055: 0000
        0056: 0000
        0057: 0000
        0058: 0000
        0059: 0000
        005A: 0000
        005B: 0000
        005C: 0000
        005D: 0001
        005E: 0000
        005F: FFFF
        0060: 0000
        0061: 0000
        0062: 0000
        0063: 0000
        0064: 0000
        0065: 0000
        0066: 0000
        0067: 0000
        0068: 0000
        0069: 0020
        006A: 0001
        006B: 0003
    26  006C: 0000              ILEN	DS	1
    27  006D: 0000              OBUF	DS	10
        006E: 0000
        006F: 0000
        0070: 0000
        0071: 0000
        0072: 0000
        0073: 0000
        0074: 0000
        0075: 0000
        0076: 0000
    28  0077: 0000              OLEN	DS	1
    29  0078: 0020              KUU	DC	' '
        0079: 0001              =1	DC	1
    30                          	END

      0 Errors
