     1                          PRG0202	START
     2  0000: 1010 000D         	LD	GR1,DATA1
     3  0002: 1020 000E         	LD	GR2,DATA2
     4  0004: 1030 0010         	LD	GR3,DATA3
     5  0006: 1110 0013         	ST	GR1,AREA1
     6  0008: 1120 0014         	ST	GR2,AREA2
     7  000A: 1130 0017         	ST	GR3,AREA3
     8  000C: 8100              	RET
     9                          ;
    10  000D: 0064              DATA1	DC	100
    11  000E: 0100              DATA2	DC	#0100,#0101
        000F: 0101              
    12  0010: 0030              DATA3	DC	'012'
        0011: 0031
        0012: 0032
    13  0013: 0000              AREA1	DS	1
    14  0014: 0000              AREA2	DS	3
        0015: 0000
        0016: 0000
    15  0017: 0000              AREA3	DS	2
        0018: 0000
    16                          	END

      0 Errors
