     1                          PRG0207	START
     2  0000: 1270 0000         	LAD	GR7,0
     3  0002: 1017 0015         	LD	GR1,DATA,GR7
     4  0004: 1270 0001         	LAD	GR7,1
     5  0006: 1027 0015         	LD	GR2,DATA,GR7
     6  0008: 1270 0002         	LAD	GR7,2
     7  000A: 1037 0015         	LD	GR3,DATA,GR7
     8  000C: 1270 0003         	LAD	GR7,3
     9  000E: 1047 0015         	LD	GR4,DATA,GR7
    10  0010: 1270 0004         	LAD	GR7,4
    11  0012: 1057 0015         	LD	GR5,DATA,GR7
    12  0014: 8100              	RET
    13                          ;
    14  0015: 0041              DATA	DC	'A','B','C','D','E'
        0016: 0042              
        0017: 0043              
        0018: 0044              
        0019: 0045              
    15                          	END

      0 Errors
