     1                          ;
     2                          ;  学生番号：B16079  氏名：前田　剛志
     3                          ;
     4                          PRG1101	START
     5  0000: 1200 0000         LOOP1	LAD	GR0,0
     6  0002: 1210 0000         	LAD	GR1,0
     7  0004: 4010 002A         LOOP2	CPA	GR1,=7
     8  0006: 6300 001D         	JZE	LAST
     9  0008: 1221 0001         	LAD	GR2,1,GR1
    10  000A: 1031 0022         	LD	GR3,TABLE,GR1
    11  000C: 1042 0022         	LD	GR4,TABLE,GR2
    12  000E: 4434              	CPA	GR3,GR4
    13  000F: 6100 0019         	JMI	SKIP
    14  0011: 6300 0019         	JZE	SKIP
    15  0013: 1132 0022         	ST	GR3,TABLE,GR2
    16  0015: 1141 0022         	ST	GR4,TABLE,GR1
    17  0017: 1200 0001         	LAD	GR0,1
    18  0019: 2010 002B         SKIP	ADDA	GR1,=1
    19  001B: 6400 0004         	JUMP	LOOP2
    20  001D: 4000 002C         LAST	CPA	GR0,=0
    21  001F: 6200 0000         	JNZ	LOOP1
    22  0021: 8100              	RET
    23  0022: 000A              TABLE	DC	10,18,24,3,1,9,5,21
        0023: 0012              
        0024: 0018              
        0025: 0003              
        0026: 0001              
        0027: 0009              
        0028: 0005              
        0029: 0015              
        002A: 0007              =7	DC	7
        002B: 0001              =1	DC	1
        002C: 0000              =0	DC	0
    24                          	END

      0 Errors
