     1                          ;
     2                          ;  学生番号：B16079  氏名：前田　剛志
     3                          ;
     4                          PRG1102	START
     5  0000: 1230 0000         	LAD	GR3,0
     6  0002: 1240 8000         	LAD	GR4,-32768
     7  0004: 1200 8000         XLOOP	LAD	GR0,-32768
     8  0006: 3622              	XOR	GR2,GR2
     9  0007: 4002 0021         LOOP	CPA	GR0,TBL1,GR2
    10  0009: 6500 0010         	JPL	SKIP
    11  000B: 6300 0010         	JZE	SKIP
    12  000D: 1002 0021         	LD	GR0,TBL1,GR2
    13  000F: 1412              	LD	GR1,GR2
    14  0010: 1222 0001         SKIP	LAD	GR2,1,GR2
    15  0012: 4020 0031         	CPA	GR2,=8
    16  0014: 6100 0007         	JMI	LOOP
    17  0016: 1103 0029         	ST	GR0,TBL2,GR3
    18  0018: 1141 0021         	ST	GR4,TBL1,GR1
    19  001A: 2030 0032         	ADDA	GR3,=1
    20  001C: 4030 0031         	CPA	GR3,=8
    21  001E: 6100 0004         	JMI	XLOOP
    22  0020: 8100              	RET
    23  0021: 000A              TBL1	DC	10,18,24,3,1,9,5,21
        0022: 0012              
        0023: 0018              
        0024: 0003              
        0025: 0001              
        0026: 0009              
        0027: 0005              
        0028: 0015              
    24  0029: 0015              TBL2	DS	8
        002A: 0007
        002B: 0001
        002C: 0000
        002D: 0000
        002E: 0000
        002F: 0008
        0030: 0001
        0031: 0008              =8	DC	8
        0032: 0001              =1	DC	1
    25                          	END	

      0 Errors
