     1                          ;
     2                          ;  学生番号：B16079  氏名：前田　剛志
     3                          ;
     4                          PRG1502	START
     5  0000: 1200 0001         	LAD	GR0,1
     6  0002: 1010 0025         	LD	GR1,X
     7  0004: 1020 0026         	LD	GR2,Y
     8  0006: 1030 0027         	LD	GR3,Z
     9  0008: 1240 0000         	LAD	GR4,0
    10  000A: 4010 0029         	CPA	GR1,=60
    11  000C: 6100 0020         	JMI	BAD
    12  000E: 4020 0029         	CPA	GR2,=60
    13  0010: 6100 0020         	JMI	BAD
    14  0012: 4030 0029         	CPA	GR3,=60
    15  0014: 6100 0020         	JMI	BAD
    16  0016: 2441              	ADDA	GR4,GR1
    17  0017: 2442              	ADDA	GR4,GR2
    18  0018: 2443              	ADDA	GR4,GR3
    19  0019: 4040 002A         	CPA	GR4,=190
    20  001B: 6100 0020         	JMI	BAD
    21  001D: 1100 0028         	ST	GR0,W
    22  001F: 8100              	RET
    23  0020: 1200 FFFF         BAD	LAD	GR0,-1
    24  0022: 1100 0028         	ST	GR0,W
    25  0024: 8100              	RET
    26  0025: 003C              X	DC	60
    27  0026: 003C              Y	DC	60
    28  0027: 0032              Z	DC	50
    29  0028: 0000              W	DS	1
        0029: 003C              =60	DC	60
        002A: 00BE              =190	DC	190
    30                          	END

      0 Errors
